<?xml version="1.0" encoding="UTF-8"?>
<!-- Generated by org.testng.reporters.JUnitReportReporter -->
<testsuite skipped="0" hostname="GCS-DT-067" name="testExcutions.TS002_Sports_Contest" tests="1" failures="0" timestamp="30 May 2019 12:51:15 GMT" time="39.186" errors="0">
  <testcase name="sportsContest" time="39.186" classname="testExcutions.TS002_Sports_Contest"/>
</testsuite> <!-- testExcutions.TS002_Sports_Contest -->
