<?xml version="1.0" encoding="UTF-8"?>
<!-- Generated by org.testng.reporters.JUnitReportReporter -->
<testsuite skipped="0" hostname="GCS-DT-067" name="testExcutions.TS001" tests="1" failures="0" timestamp="29 May 2019 12:36:59 GMT" time="65.078" errors="0">
  <testcase name="homePage" time="65.078" classname="testExcutions.TS001"/>
</testsuite> <!-- testExcutions.TS001 -->
