<?xml version="1.0" encoding="UTF-8"?>
<!-- Generated by org.testng.reporters.JUnitReportReporter -->
<testsuite skipped="0" hostname="GCS-DT-067" name="testExcutions.TS002_Sports_Contest" tests="1" failures="0" timestamp="13 Jun 2019 06:00:30 GMT" time="57.283" errors="0">
  <testcase name="sportsContest" time="57.283" classname="testExcutions.TS002_Sports_Contest"/>
</testsuite> <!-- testExcutions.TS002_Sports_Contest -->
