<?xml version="1.0" encoding="UTF-8"?>
<!-- Generated by org.testng.reporters.JUnitReportReporter -->
<testsuite skipped="0" hostname="GCS-DT-067" name="testExcutions.TS001_Movie_Contest" tests="1" failures="0" timestamp="12 Jun 2019 10:02:04 GMT" time="64.505" errors="0">
  <testcase name="movieContest" time="64.505" classname="testExcutions.TS001_Movie_Contest"/>
</testsuite> <!-- testExcutions.TS001_Movie_Contest -->
